<?xml version="1.0" encoding="UTF-8"?>
<testng-results ignored="0" total="2" passed="2" failed="0" skipped="0">
  <reporter-output>
  </reporter-output>
  <suite started-at="2024-08-03T23:41:47 IST" name="Fitpeo Assesment" finished-at="2024-08-03T23:42:51 IST" duration-ms="63249">
    <groups>
    </groups>
    <test started-at="2024-08-03T23:41:47 IST" name="Assesment one" finished-at="2024-08-03T23:42:51 IST" duration-ms="63249">
      <class name="com.fitpeo.Assesment.Assesment_one_TC">
        <test-method is-config="true" signature="beforeMethod(org.testng.ITestContext,java.lang.String,java.lang.Boolean,java.lang.String,java.lang.String,java.lang.String)[pri:0, instance:com.fitpeo.Assesment.Assesment_one_TC@548d708a]" started-at="2024-08-03T23:41:47 IST" name="beforeMethod" finished-at="2024-08-03T23:41:55 IST" duration-ms="7468" status="PASS">
          <params>
            <param index="0">
              <value>
                <![CDATA[org.testng.TestRunner@56de6d6b]]>
              </value>
            </param>
            <param index="1">
              <value>
                <![CDATA[chrome]]>
              </value>
            </param>
            <param index="2">
              <value>
                <![CDATA[false]]>
              </value>
            </param>
            <param index="3">
              <value>
                <![CDATA[http://172.16.3.117:0002/wd/hub]]>
              </value>
            </param>
            <param index="4">
              <value>
                <![CDATA[WINDOWS]]>
              </value>
            </param>
            <param index="5">
              <value>
                <![CDATA[https://www.fitpeo.com]]>
              </value>
            </param>
          </params>
          <reporter-output>
          </reporter-output>
        </test-method> <!-- beforeMethod -->
        <test-method signature="firstMethod()[pri:0, instance:com.fitpeo.Assesment.Assesment_one_TC@548d708a]" started-at="2024-08-03T23:41:55 IST" name="firstMethod" finished-at="2024-08-03T23:42:20 IST" duration-ms="25209" status="PASS">
          <reporter-output>
          </reporter-output>
        </test-method> <!-- firstMethod -->
        <test-method signature="secondMethod()[pri:0, instance:com.fitpeo.Assesment.Assesment_one_TC@548d708a]" started-at="2024-08-03T23:42:20 IST" name="secondMethod" finished-at="2024-08-03T23:42:51 IST" duration-ms="30366" status="PASS">
          <reporter-output>
          </reporter-output>
        </test-method> <!-- secondMethod -->
        <test-method is-config="true" signature="afterTest()[pri:0, instance:com.fitpeo.Assesment.Assesment_one_TC@548d708a]" started-at="2024-08-03T23:42:51 IST" name="afterTest" finished-at="2024-08-03T23:42:51 IST" duration-ms="153" status="PASS">
          <reporter-output>
          </reporter-output>
        </test-method> <!-- afterTest -->
      </class> <!-- com.fitpeo.Assesment.Assesment_one_TC -->
    </test> <!-- Assesment one -->
  </suite> <!-- Fitpeo Assesment -->
</testng-results>
